{"name": "test_login", "status": "failed", "statusDetails": {"message": "AssertionError", "trace": "self = <test_login.TestLogin object at 0x0000022B5C2E89B0>\n\n    def test_login(self):\n        driver = self.driver\n        lp = LoginPage(driver)\n        lp.enter_un()\n        lp.enter_pwd()\n>       lp.click_login()\n\ntests\\test_login.py:16: \n_ _ _ _ _ _ _ _ _ _ _ _ _ _ _ _ _ _ _ _ _ _ _ _ _ _ _ _ _ _ _ _ _ _ _ _ _ _ _ _ _ _ _ _ _ _ _ _ _ _ _ _ _ _ _ _ _ _ _ _ _ _ _ _ \npages\\loginpage.py:31: in click_login\n    wb.report_pass_fail(\"A\", \"B\")\n_ _ _ _ _ _ _ _ _ _ _ _ _ _ _ _ _ _ _ _ _ _ _ _ _ _ _ _ _ _ _ _ _ _ _ _ _ _ _ _ _ _ _ _ _ _ _ _ _ _ _ _ _ _ _ _ _ _ _ _ _ _ _ _ \n\nself = <pages.webgeneric.WebGeneric object at 0x0000022B5C311358>, actual_val = 'A', expected_val = 'B'\n\n    def report_pass_fail(self, actual_val, expected_val):\n        self.get_screenshot()\n>       assert actual_val == expected_val\nE       AssertionError\n\npages\\locgeneric.py:38: AssertionError"}, "attachments": [{"name": "get_screenshot_20-04-2019_01-52-04", "source": "d7f2d6a8-58d2-4b04-9b95-43487c3bfbaa-attachment.png", "type": "image/png"}, {"name": "log", "source": "d8354196-ccac-46e0-a64b-2035914e308b-attachment.txt", "type": "text/plain"}, {"name": "stdout", "source": "c5272169-bd76-4958-a4e9-28a07511a283-attachment.txt", "type": "text/plain"}, {"name": "stderr", "source": "2f572e2a-7d40-4759-8b8f-3d88f31536dd-attachment.txt", "type": "text/plain"}], "start": 1555705323591, "stop": 1555705326533, "uuid": "3e33a945-3289-4841-9f63-983b6024595b", "historyId": "2116f0ad00ab1de0effc54f114dd9496", "fullName": "tests.test_login.TestLogin#test_login", "labels": [{"name": "parentSuite", "value": "tests"}, {"name": "suite", "value": "test_login"}, {"name": "subSuite", "value": "TestLogin"}, {"name": "host", "value": "DESKTOP-63VVHER"}, {"name": "thread", "value": "6840-MainThread"}, {"name": "framework", "value": "pytest"}, {"name": "language", "value": "cpython3"}, {"name": "package", "value": "tests.test_login"}]}